{"/home/gabriel/Área de trabalho/Repositorios/Labenu-Music-Awards/src/Rules/ShowRules.ts": {"path":"/home/gabriel/Área de trabalho/Repositorios/Labenu-Music-Awards/src/Rules/ShowRules.ts","statementMap":{"0":{"start":{"line":2,"column":0},"end":{"line":2,"column":67}},"1":{"start":{"line":3,"column":0},"end":{"line":3,"column":65}},"2":{"start":{"line":4,"column":0},"end":{"line":4,"column":51}},"3":{"start":{"line":5,"column":0},"end":{"line":5,"column":51}},"4":{"start":{"line":7,"column":0},"end":{"line":7,"column":125}},"5":{"start":{"line":8,"column":0},"end":{"line":8,"column":43}},"6":{"start":{"line":14,"column":16},"end":{"line":14,"column":42}},"7":{"start":{"line":15,"column":16},"end":{"line":15,"column":40}},"8":{"start":{"line":16,"column":16},"end":{"line":16,"column":44}},"9":{"start":{"line":21,"column":21},"end":{"line":79,"column":5}},"10":{"start":{"line":25,"column":41},"end":{"line":25,"column":46}},"11":{"start":{"line":27,"column":8},"end":{"line":29,"column":null}},"12":{"start":{"line":28,"column":12},"end":{"line":28,"column":null}},"13":{"start":{"line":31,"column":21},"end":{"line":31,"column":41}},"14":{"start":{"line":33,"column":8},"end":{"line":35,"column":null}},"15":{"start":{"line":34,"column":12},"end":{"line":34,"column":null}},"16":{"start":{"line":37,"column":8},"end":{"line":39,"column":null}},"17":{"start":{"line":38,"column":12},"end":{"line":38,"column":null}},"18":{"start":{"line":41,"column":8},"end":{"line":43,"column":null}},"19":{"start":{"line":42,"column":12},"end":{"line":42,"column":null}},"20":{"start":{"line":45,"column":24},"end":{"line":45,"column":65}},"21":{"start":{"line":47,"column":8},"end":{"line":49,"column":null}},"22":{"start":{"line":48,"column":12},"end":{"line":48,"column":null}},"23":{"start":{"line":51,"column":8},"end":{"line":53,"column":null}},"24":{"start":{"line":52,"column":12},"end":{"line":52,"column":null}},"25":{"start":{"line":55,"column":32},"end":{"line":55,"column":72}},"26":{"start":{"line":56,"column":8},"end":{"line":56,"column":null}},"27":{"start":{"line":58,"column":23},"end":{"line":58,"column":80}},"28":{"start":{"line":60,"column":8},"end":{"line":62,"column":null}},"29":{"start":{"line":61,"column":12},"end":{"line":61,"column":null}},"30":{"start":{"line":64,"column":19},"end":{"line":64,"column":46}},"31":{"start":{"line":66,"column":21},"end":{"line":69,"column":null}},"32":{"start":{"line":72,"column":8},"end":{"line":72,"column":null}},"33":{"start":{"line":74,"column":41},"end":{"line":76,"column":null}},"34":{"start":{"line":78,"column":8},"end":{"line":78,"column":null}},"35":{"start":{"line":81,"column":15},"end":{"line":104,"column":5}},"36":{"start":{"line":83,"column":22},"end":{"line":83,"column":59}},"37":{"start":{"line":85,"column":21},"end":{"line":85,"column":25}},"38":{"start":{"line":87,"column":8},"end":{"line":101,"column":null}},"39":{"start":{"line":88,"column":31},"end":{"line":88,"column":91}},"40":{"start":{"line":90,"column":12},"end":{"line":90,"column":null}},"41":{"start":{"line":92,"column":25},"end":{"line":92,"column":65}},"42":{"start":{"line":94,"column":24},"end":{"line":94,"column":42}},"43":{"start":{"line":95,"column":26},"end":{"line":95,"column":45}},"44":{"start":{"line":96,"column":25},"end":{"line":96,"column":43}},"45":{"start":{"line":98,"column":30},"end":{"line":98,"column":56}},"46":{"start":{"line":100,"column":12},"end":{"line":100,"column":null}},"47":{"start":{"line":103,"column":8},"end":{"line":103,"column":null}},"48":{"start":{"line":108,"column":20},"end":{"line":153,"column":5}},"49":{"start":{"line":111,"column":42},"end":{"line":111,"column":47}},"50":{"start":{"line":113,"column":8},"end":{"line":115,"column":null}},"51":{"start":{"line":114,"column":12},"end":{"line":114,"column":null}},"52":{"start":{"line":117,"column":24},"end":{"line":117,"column":65}},"53":{"start":{"line":119,"column":8},"end":{"line":121,"column":null}},"54":{"start":{"line":120,"column":12},"end":{"line":120,"column":null}},"55":{"start":{"line":123,"column":22},"end":{"line":123,"column":32}},"56":{"start":{"line":125,"column":29},"end":{"line":125,"column":84}},"57":{"start":{"line":127,"column":8},"end":{"line":129,"column":null}},"58":{"start":{"line":128,"column":12},"end":{"line":128,"column":null}},"59":{"start":{"line":131,"column":27},"end":{"line":131,"column":82}},"60":{"start":{"line":133,"column":8},"end":{"line":135,"column":null}},"61":{"start":{"line":134,"column":12},"end":{"line":134,"column":null}},"62":{"start":{"line":137,"column":19},"end":{"line":137,"column":46}},"63":{"start":{"line":139,"column":35},"end":{"line":143,"column":null}},"64":{"start":{"line":145,"column":8},"end":{"line":145,"column":null}},"65":{"start":{"line":147,"column":41},"end":{"line":149,"column":null}},"66":{"start":{"line":151,"column":8},"end":{"line":151,"column":null}},"67":{"start":{"line":155,"column":23},"end":{"line":190,"column":5}},"68":{"start":{"line":159,"column":33},"end":{"line":159,"column":38}},"69":{"start":{"line":161,"column":8},"end":{"line":163,"column":null}},"70":{"start":{"line":162,"column":12},"end":{"line":162,"column":null}},"71":{"start":{"line":165,"column":24},"end":{"line":165,"column":65}},"72":{"start":{"line":167,"column":8},"end":{"line":169,"column":null}},"73":{"start":{"line":168,"column":12},"end":{"line":168,"column":null}},"74":{"start":{"line":171,"column":21},"end":{"line":171,"column":31}},"75":{"start":{"line":173,"column":28},"end":{"line":173,"column":86}},"76":{"start":{"line":175,"column":8},"end":{"line":177,"column":null}},"77":{"start":{"line":176,"column":12},"end":{"line":176,"column":null}},"78":{"start":{"line":179,"column":8},"end":{"line":181,"column":null}},"79":{"start":{"line":180,"column":12},"end":{"line":180,"column":null}},"80":{"start":{"line":183,"column":8},"end":{"line":183,"column":null}},"81":{"start":{"line":185,"column":41},"end":{"line":187,"column":null}},"82":{"start":{"line":189,"column":8},"end":{"line":189,"column":null}},"83":{"start":{"line":12,"column":0},"end":{"line":12,"column":13}}},"fnMap":{"0":{"name":"(anonymous_0)","decl":{"start":{"line":13,"column":4},"end":{"line":13,"column":null}},"loc":{"start":{"line":16,"column":44},"end":{"line":17,"column":9}}},"1":{"name":"(anonymous_1)","decl":{"start":{"line":21,"column":21},"end":{"line":21,"column":26}},"loc":{"start":{"line":21,"column":42},"end":{"line":79,"column":5}}},"2":{"name":"(anonymous_2)","decl":{"start":{"line":81,"column":15},"end":{"line":81,"column":20}},"loc":{"start":{"line":81,"column":43},"end":{"line":104,"column":5}}},"3":{"name":"(anonymous_3)","decl":{"start":{"line":108,"column":20},"end":{"line":108,"column":25}},"loc":{"start":{"line":108,"column":39},"end":{"line":153,"column":5}}},"4":{"name":"(anonymous_4)","decl":{"start":{"line":155,"column":23},"end":{"line":155,"column":28}},"loc":{"start":{"line":155,"column":42},"end":{"line":190,"column":5}}}},"branchMap":{"0":{"loc":{"start":{"line":27,"column":8},"end":{"line":29,"column":null}},"type":"if","locations":[{"start":{"line":27,"column":8},"end":{"line":29,"column":null}}]},"1":{"loc":{"start":{"line":27,"column":12},"end":{"line":27,"column":41}},"type":"binary-expr","locations":[{"start":{"line":27,"column":12},"end":{"line":27,"column":17}},{"start":{"line":27,"column":21},"end":{"line":27,"column":31}},{"start":{"line":27,"column":35},"end":{"line":27,"column":41}}]},"2":{"loc":{"start":{"line":33,"column":8},"end":{"line":35,"column":null}},"type":"if","locations":[{"start":{"line":33,"column":8},"end":{"line":35,"column":null}}]},"3":{"loc":{"start":{"line":33,"column":12},"end":{"line":33,"column":68}},"type":"binary-expr","locations":[{"start":{"line":33,"column":12},"end":{"line":33,"column":28}},{"start":{"line":33,"column":32},"end":{"line":33,"column":48}},{"start":{"line":33,"column":52},"end":{"line":33,"column":68}}]},"4":{"loc":{"start":{"line":37,"column":8},"end":{"line":39,"column":null}},"type":"if","locations":[{"start":{"line":37,"column":8},"end":{"line":39,"column":null}}]},"5":{"loc":{"start":{"line":41,"column":8},"end":{"line":43,"column":null}},"type":"if","locations":[{"start":{"line":41,"column":8},"end":{"line":43,"column":null}}]},"6":{"loc":{"start":{"line":41,"column":12},"end":{"line":41,"column":55}},"type":"binary-expr","locations":[{"start":{"line":41,"column":12},"end":{"line":41,"column":31}},{"start":{"line":41,"column":35},"end":{"line":41,"column":55}}]},"7":{"loc":{"start":{"line":47,"column":8},"end":{"line":49,"column":null}},"type":"if","locations":[{"start":{"line":47,"column":8},"end":{"line":49,"column":null}}]},"8":{"loc":{"start":{"line":51,"column":8},"end":{"line":53,"column":null}},"type":"if","locations":[{"start":{"line":51,"column":8},"end":{"line":53,"column":null}}]},"9":{"loc":{"start":{"line":60,"column":8},"end":{"line":62,"column":null}},"type":"if","locations":[{"start":{"line":60,"column":8},"end":{"line":62,"column":null}}]},"10":{"loc":{"start":{"line":113,"column":8},"end":{"line":115,"column":null}},"type":"if","locations":[{"start":{"line":113,"column":8},"end":{"line":115,"column":null}}]},"11":{"loc":{"start":{"line":113,"column":12},"end":{"line":113,"column":42}},"type":"binary-expr","locations":[{"start":{"line":113,"column":12},"end":{"line":113,"column":20}},{"start":{"line":113,"column":24},"end":{"line":113,"column":32}},{"start":{"line":113,"column":36},"end":{"line":113,"column":42}}]},"12":{"loc":{"start":{"line":119,"column":8},"end":{"line":121,"column":null}},"type":"if","locations":[{"start":{"line":119,"column":8},"end":{"line":121,"column":null}}]},"13":{"loc":{"start":{"line":127,"column":8},"end":{"line":129,"column":null}},"type":"if","locations":[{"start":{"line":127,"column":8},"end":{"line":129,"column":null}}]},"14":{"loc":{"start":{"line":133,"column":8},"end":{"line":135,"column":null}},"type":"if","locations":[{"start":{"line":133,"column":8},"end":{"line":135,"column":null}}]},"15":{"loc":{"start":{"line":161,"column":8},"end":{"line":163,"column":null}},"type":"if","locations":[{"start":{"line":161,"column":8},"end":{"line":163,"column":null}}]},"16":{"loc":{"start":{"line":161,"column":11},"end":{"line":161,"column":29}},"type":"binary-expr","locations":[{"start":{"line":161,"column":11},"end":{"line":161,"column":19}},{"start":{"line":161,"column":23},"end":{"line":161,"column":29}}]},"17":{"loc":{"start":{"line":167,"column":8},"end":{"line":169,"column":null}},"type":"if","locations":[{"start":{"line":167,"column":8},"end":{"line":169,"column":null}}]},"18":{"loc":{"start":{"line":175,"column":8},"end":{"line":177,"column":null}},"type":"if","locations":[{"start":{"line":175,"column":8},"end":{"line":177,"column":null}}]},"19":{"loc":{"start":{"line":179,"column":8},"end":{"line":181,"column":null}},"type":"if","locations":[{"start":{"line":179,"column":8},"end":{"line":181,"column":null}}]},"20":{"loc":{"start":{"line":179,"column":11},"end":{"line":179,"column":83}},"type":"binary-expr","locations":[{"start":{"line":179,"column":11},"end":{"line":179,"column":44}},{"start":{"line":179,"column":48},"end":{"line":179,"column":83}}]}},"s":{"0":4,"1":4,"2":4,"3":4,"4":4,"5":4,"6":4,"7":4,"8":4,"9":4,"10":8,"11":8,"12":1,"13":7,"14":7,"15":3,"16":4,"17":0,"18":4,"19":0,"20":4,"21":4,"22":1,"23":3,"24":1,"25":2,"26":2,"27":2,"28":2,"29":1,"30":1,"31":1,"32":1,"33":1,"34":1,"35":4,"36":1,"37":1,"38":1,"39":3,"40":3,"41":3,"42":3,"43":3,"44":3,"45":3,"46":3,"47":1,"48":4,"49":5,"50":5,"51":1,"52":4,"53":4,"54":1,"55":3,"56":3,"57":3,"58":1,"59":2,"60":2,"61":1,"62":1,"63":1,"64":1,"65":1,"66":1,"67":4,"68":4,"69":4,"70":1,"71":3,"72":3,"73":1,"74":2,"75":2,"76":2,"77":1,"78":1,"79":0,"80":1,"81":1,"82":1,"83":4},"f":{"0":4,"1":8,"2":1,"3":5,"4":4},"b":{"0":[1],"1":[8,7,7],"2":[3],"3":[7,4,4],"4":[0],"5":[0],"6":[4,4],"7":[1],"8":[1],"9":[1],"10":[1],"11":[5,4,4],"12":[1],"13":[1],"14":[1],"15":[1],"16":[4,3],"17":[1],"18":[1],"19":[0],"20":[1,1]}}
,"/home/gabriel/Área de trabalho/Repositorios/Labenu-Music-Awards/src/Rules/UserRules.ts": {"path":"/home/gabriel/Área de trabalho/Repositorios/Labenu-Music-Awards/src/Rules/UserRules.ts","statementMap":{"0":{"start":{"line":2,"column":0},"end":{"line":2,"column":67}},"1":{"start":{"line":3,"column":0},"end":{"line":3,"column":53}},"2":{"start":{"line":4,"column":0},"end":{"line":4,"column":51}},"3":{"start":{"line":5,"column":0},"end":{"line":5,"column":63}},"4":{"start":{"line":6,"column":0},"end":{"line":6,"column":113}},"5":{"start":{"line":13,"column":16},"end":{"line":13,"column":42}},"6":{"start":{"line":14,"column":16},"end":{"line":14,"column":40}},"7":{"start":{"line":15,"column":16},"end":{"line":15,"column":40}},"8":{"start":{"line":16,"column":16},"end":{"line":16,"column":44}},"9":{"start":{"line":21,"column":17},"end":{"line":79,"column":5}},"10":{"start":{"line":25,"column":40},"end":{"line":25,"column":45}},"11":{"start":{"line":27,"column":8},"end":{"line":29,"column":null}},"12":{"start":{"line":28,"column":12},"end":{"line":28,"column":null}},"13":{"start":{"line":31,"column":8},"end":{"line":33,"column":null}},"14":{"start":{"line":32,"column":12},"end":{"line":32,"column":null}},"15":{"start":{"line":35,"column":8},"end":{"line":37,"column":null}},"16":{"start":{"line":36,"column":12},"end":{"line":36,"column":null}},"17":{"start":{"line":39,"column":8},"end":{"line":41,"column":null}},"18":{"start":{"line":40,"column":12},"end":{"line":40,"column":null}},"19":{"start":{"line":43,"column":8},"end":{"line":45,"column":null}},"20":{"start":{"line":44,"column":12},"end":{"line":44,"column":null}},"21":{"start":{"line":47,"column":23},"end":{"line":47,"column":65}},"22":{"start":{"line":49,"column":8},"end":{"line":51,"column":null}},"23":{"start":{"line":50,"column":12},"end":{"line":50,"column":null}},"24":{"start":{"line":53,"column":19},"end":{"line":53,"column":46}},"25":{"start":{"line":54,"column":31},"end":{"line":54,"column":68}},"26":{"start":{"line":56,"column":21},"end":{"line":61,"column":null}},"27":{"start":{"line":64,"column":8},"end":{"line":64,"column":null}},"28":{"start":{"line":66,"column":39},"end":{"line":69,"column":null}},"29":{"start":{"line":71,"column":22},"end":{"line":71,"column":63}},"30":{"start":{"line":73,"column":42},"end":{"line":76,"column":null}},"31":{"start":{"line":78,"column":8},"end":{"line":78,"column":null}},"32":{"start":{"line":83,"column":16},"end":{"line":132,"column":5}},"33":{"start":{"line":87,"column":34},"end":{"line":87,"column":39}},"34":{"start":{"line":89,"column":8},"end":{"line":91,"column":null}},"35":{"start":{"line":90,"column":12},"end":{"line":90,"column":null}},"36":{"start":{"line":93,"column":8},"end":{"line":95,"column":null}},"37":{"start":{"line":94,"column":12},"end":{"line":94,"column":null}},"38":{"start":{"line":97,"column":8},"end":{"line":99,"column":null}},"39":{"start":{"line":98,"column":12},"end":{"line":98,"column":null}},"40":{"start":{"line":101,"column":8},"end":{"line":103,"column":null}},"41":{"start":{"line":102,"column":12},"end":{"line":102,"column":null}},"42":{"start":{"line":105,"column":23},"end":{"line":105,"column":65}},"43":{"start":{"line":107,"column":8},"end":{"line":109,"column":null}},"44":{"start":{"line":108,"column":12},"end":{"line":108,"column":null}},"45":{"start":{"line":111,"column":21},"end":{"line":111,"column":45}},"46":{"start":{"line":113,"column":36},"end":{"line":113,"column":96}},"47":{"start":{"line":115,"column":8},"end":{"line":117,"column":null}},"48":{"start":{"line":116,"column":12},"end":{"line":116,"column":null}},"49":{"start":{"line":119,"column":39},"end":{"line":122,"column":null}},"50":{"start":{"line":124,"column":22},"end":{"line":124,"column":63}},"51":{"start":{"line":126,"column":41},"end":{"line":129,"column":null}},"52":{"start":{"line":131,"column":8},"end":{"line":131,"column":null}},"53":{"start":{"line":11,"column":0},"end":{"line":11,"column":13}}},"fnMap":{"0":{"name":"(anonymous_0)","decl":{"start":{"line":12,"column":4},"end":{"line":12,"column":null}},"loc":{"start":{"line":16,"column":44},"end":{"line":17,"column":8}}},"1":{"name":"(anonymous_1)","decl":{"start":{"line":21,"column":17},"end":{"line":21,"column":22}},"loc":{"start":{"line":21,"column":64},"end":{"line":79,"column":5}}},"2":{"name":"(anonymous_2)","decl":{"start":{"line":83,"column":16},"end":{"line":83,"column":21}},"loc":{"start":{"line":83,"column":35},"end":{"line":132,"column":5}}}},"branchMap":{"0":{"loc":{"start":{"line":27,"column":8},"end":{"line":29,"column":null}},"type":"if","locations":[{"start":{"line":27,"column":8},"end":{"line":29,"column":null}}]},"1":{"loc":{"start":{"line":27,"column":12},"end":{"line":27,"column":40}},"type":"binary-expr","locations":[{"start":{"line":27,"column":12},"end":{"line":27,"column":17}},{"start":{"line":27,"column":21},"end":{"line":27,"column":27}},{"start":{"line":27,"column":31},"end":{"line":27,"column":40}}]},"2":{"loc":{"start":{"line":31,"column":8},"end":{"line":33,"column":null}},"type":"if","locations":[{"start":{"line":31,"column":8},"end":{"line":33,"column":null}}]},"3":{"loc":{"start":{"line":31,"column":12},"end":{"line":31,"column":55}},"type":"binary-expr","locations":[{"start":{"line":31,"column":12},"end":{"line":31,"column":36}},{"start":{"line":31,"column":40},"end":{"line":31,"column":55}}]},"4":{"loc":{"start":{"line":35,"column":8},"end":{"line":37,"column":null}},"type":"if","locations":[{"start":{"line":35,"column":8},"end":{"line":37,"column":null}}]},"5":{"loc":{"start":{"line":35,"column":12},"end":{"line":35,"column":58}},"type":"binary-expr","locations":[{"start":{"line":35,"column":12},"end":{"line":35,"column":37}},{"start":{"line":35,"column":41},"end":{"line":35,"column":58}}]},"6":{"loc":{"start":{"line":39,"column":8},"end":{"line":41,"column":null}},"type":"if","locations":[{"start":{"line":39,"column":8},"end":{"line":41,"column":null}}]},"7":{"loc":{"start":{"line":43,"column":8},"end":{"line":45,"column":null}},"type":"if","locations":[{"start":{"line":43,"column":8},"end":{"line":45,"column":null}}]},"8":{"loc":{"start":{"line":43,"column":12},"end":{"line":43,"column":63}},"type":"binary-expr","locations":[{"start":{"line":43,"column":12},"end":{"line":43,"column":40}},{"start":{"line":43,"column":44},"end":{"line":43,"column":63}}]},"9":{"loc":{"start":{"line":49,"column":8},"end":{"line":51,"column":null}},"type":"if","locations":[{"start":{"line":49,"column":8},"end":{"line":51,"column":null}}]},"10":{"loc":{"start":{"line":89,"column":8},"end":{"line":91,"column":null}},"type":"if","locations":[{"start":{"line":89,"column":8},"end":{"line":91,"column":null}}]},"11":{"loc":{"start":{"line":89,"column":12},"end":{"line":89,"column":31}},"type":"binary-expr","locations":[{"start":{"line":89,"column":12},"end":{"line":89,"column":18}},{"start":{"line":89,"column":22},"end":{"line":89,"column":31}}]},"12":{"loc":{"start":{"line":93,"column":8},"end":{"line":95,"column":null}},"type":"if","locations":[{"start":{"line":93,"column":8},"end":{"line":95,"column":null}}]},"13":{"loc":{"start":{"line":93,"column":12},"end":{"line":93,"column":58}},"type":"binary-expr","locations":[{"start":{"line":93,"column":12},"end":{"line":93,"column":37}},{"start":{"line":93,"column":41},"end":{"line":93,"column":58}}]},"14":{"loc":{"start":{"line":97,"column":8},"end":{"line":99,"column":null}},"type":"if","locations":[{"start":{"line":97,"column":8},"end":{"line":99,"column":null}}]},"15":{"loc":{"start":{"line":101,"column":8},"end":{"line":103,"column":null}},"type":"if","locations":[{"start":{"line":101,"column":8},"end":{"line":103,"column":null}}]},"16":{"loc":{"start":{"line":101,"column":12},"end":{"line":101,"column":63}},"type":"binary-expr","locations":[{"start":{"line":101,"column":12},"end":{"line":101,"column":40}},{"start":{"line":101,"column":44},"end":{"line":101,"column":63}}]},"17":{"loc":{"start":{"line":107,"column":8},"end":{"line":109,"column":null}},"type":"if","locations":[{"start":{"line":107,"column":8},"end":{"line":109,"column":null}}]},"18":{"loc":{"start":{"line":115,"column":8},"end":{"line":117,"column":null}},"type":"if","locations":[{"start":{"line":115,"column":8},"end":{"line":117,"column":null}}]}},"s":{"0":3,"1":3,"2":3,"3":3,"4":3,"5":3,"6":3,"7":3,"8":3,"9":3,"10":7,"11":7,"12":1,"13":6,"14":1,"15":5,"16":1,"17":4,"18":1,"19":3,"20":1,"21":2,"22":2,"23":1,"24":1,"25":1,"26":1,"27":1,"28":1,"29":1,"30":1,"31":1,"32":3,"33":7,"34":7,"35":1,"36":6,"37":1,"38":5,"39":1,"40":4,"41":1,"42":3,"43":3,"44":1,"45":2,"46":2,"47":2,"48":1,"49":1,"50":1,"51":1,"52":1,"53":3},"f":{"0":3,"1":7,"2":7},"b":{"0":[1],"1":[7,6,6],"2":[1],"3":[6,6],"4":[1],"5":[5,5],"6":[1],"7":[1],"8":[3,3],"9":[1],"10":[1],"11":[7,7],"12":[1],"13":[6,6],"14":[1],"15":[1],"16":[4,4],"17":[1],"18":[1]}}
,"/home/gabriel/Área de trabalho/Repositorios/Labenu-Music-Awards/src/database/BaseDatabase.ts": {"path":"/home/gabriel/Área de trabalho/Repositorios/Labenu-Music-Awards/src/database/BaseDatabase.ts","statementMap":{"0":{"start":{"line":1,"column":0},"end":{"line":1,"column":23}},"1":{"start":{"line":2,"column":0},"end":{"line":2,"column":27}},"2":{"start":{"line":4,"column":0},"end":{"line":4,"column":null}},"3":{"start":{"line":7,"column":34},"end":{"line":17,"column":6}},"4":{"start":{"line":6,"column":0},"end":{"line":6,"column":22}}},"fnMap":{},"branchMap":{},"s":{"0":7,"1":7,"2":7,"3":7,"4":7},"f":{},"b":{}}
,"/home/gabriel/Área de trabalho/Repositorios/Labenu-Music-Awards/src/errors/AuthenticationError.ts": {"path":"/home/gabriel/Área de trabalho/Repositorios/Labenu-Music-Awards/src/errors/AuthenticationError.ts","statementMap":{"0":{"start":{"line":1,"column":0},"end":{"line":1,"column":40}},"1":{"start":{"line":7,"column":8},"end":{"line":7,"column":null}},"2":{"start":{"line":3,"column":0},"end":{"line":3,"column":13}}},"fnMap":{"0":{"name":"(anonymous_0)","decl":{"start":{"line":4,"column":4},"end":{"line":4,"column":null}},"loc":{"start":{"line":5,"column":49},"end":{"line":8,"column":5}}}},"branchMap":{"0":{"loc":{"start":{"line":5,"column":8},"end":{"line":5,"column":49}},"type":"default-arg","locations":[{"start":{"line":5,"column":26},"end":{"line":5,"column":49}}]}},"s":{"0":7,"1":5,"2":7},"f":{"0":5},"b":{"0":[5]}}
,"/home/gabriel/Área de trabalho/Repositorios/Labenu-Music-Awards/src/errors/AuthorizationError.ts": {"path":"/home/gabriel/Área de trabalho/Repositorios/Labenu-Music-Awards/src/errors/AuthorizationError.ts","statementMap":{"0":{"start":{"line":1,"column":0},"end":{"line":1,"column":40}},"1":{"start":{"line":7,"column":8},"end":{"line":7,"column":null}},"2":{"start":{"line":3,"column":0},"end":{"line":3,"column":13}}},"fnMap":{"0":{"name":"(anonymous_0)","decl":{"start":{"line":4,"column":4},"end":{"line":4,"column":null}},"loc":{"start":{"line":5,"column":50},"end":{"line":8,"column":5}}}},"branchMap":{"0":{"loc":{"start":{"line":5,"column":8},"end":{"line":5,"column":50}},"type":"default-arg","locations":[{"start":{"line":5,"column":26},"end":{"line":5,"column":50}}]}},"s":{"0":4,"1":1,"2":4},"f":{"0":1},"b":{"0":[1]}}
,"/home/gabriel/Área de trabalho/Repositorios/Labenu-Music-Awards/src/errors/BaseError.ts": {"path":"/home/gabriel/Área de trabalho/Repositorios/Labenu-Music-Awards/src/errors/BaseError.ts","statementMap":{"0":{"start":{"line":6,"column":8},"end":{"line":6,"column":null}},"1":{"start":{"line":3,"column":15},"end":{"line":3,"column":33}},"2":{"start":{"line":1,"column":0},"end":{"line":1,"column":13}}},"fnMap":{"0":{"name":"(anonymous_0)","decl":{"start":{"line":2,"column":4},"end":{"line":2,"column":null}},"loc":{"start":{"line":4,"column":23},"end":{"line":7,"column":5}}}},"branchMap":{},"s":{"0":22,"1":22,"2":7},"f":{"0":22},"b":{}}
,"/home/gabriel/Área de trabalho/Repositorios/Labenu-Music-Awards/src/errors/EmailInvalid.ts": {"path":"/home/gabriel/Área de trabalho/Repositorios/Labenu-Music-Awards/src/errors/EmailInvalid.ts","statementMap":{"0":{"start":{"line":1,"column":0},"end":{"line":1,"column":40}},"1":{"start":{"line":7,"column":8},"end":{"line":7,"column":null}},"2":{"start":{"line":3,"column":0},"end":{"line":3,"column":13}}},"fnMap":{"0":{"name":"(anonymous_0)","decl":{"start":{"line":4,"column":4},"end":{"line":4,"column":null}},"loc":{"start":{"line":5,"column":79},"end":{"line":8,"column":5}}}},"branchMap":{"0":{"loc":{"start":{"line":5,"column":8},"end":{"line":5,"column":79}},"type":"default-arg","locations":[{"start":{"line":5,"column":26},"end":{"line":5,"column":79}}]}},"s":{"0":3,"1":3,"2":3},"f":{"0":3},"b":{"0":[3]}}
,"/home/gabriel/Área de trabalho/Repositorios/Labenu-Music-Awards/src/errors/InvalidDate.ts": {"path":"/home/gabriel/Área de trabalho/Repositorios/Labenu-Music-Awards/src/errors/InvalidDate.ts","statementMap":{"0":{"start":{"line":1,"column":0},"end":{"line":1,"column":40}},"1":{"start":{"line":7,"column":8},"end":{"line":7,"column":null}},"2":{"start":{"line":3,"column":0},"end":{"line":3,"column":13}}},"fnMap":{"0":{"name":"(anonymous_0)","decl":{"start":{"line":4,"column":4},"end":{"line":4,"column":null}},"loc":{"start":{"line":5,"column":41},"end":{"line":8,"column":5}}}},"branchMap":{"0":{"loc":{"start":{"line":5,"column":8},"end":{"line":5,"column":41}},"type":"default-arg","locations":[{"start":{"line":5,"column":26},"end":{"line":5,"column":41}}]}},"s":{"0":4,"1":3,"2":4},"f":{"0":3},"b":{"0":[3]}}
,"/home/gabriel/Área de trabalho/Repositorios/Labenu-Music-Awards/src/errors/ParamsError.ts": {"path":"/home/gabriel/Área de trabalho/Repositorios/Labenu-Music-Awards/src/errors/ParamsError.ts","statementMap":{"0":{"start":{"line":1,"column":0},"end":{"line":1,"column":40}},"1":{"start":{"line":7,"column":8},"end":{"line":7,"column":null}},"2":{"start":{"line":3,"column":0},"end":{"line":3,"column":13}}},"fnMap":{"0":{"name":"(anonymous_0)","decl":{"start":{"line":4,"column":4},"end":{"line":4,"column":null}},"loc":{"start":{"line":5,"column":60},"end":{"line":8,"column":5}}}},"branchMap":{"0":{"loc":{"start":{"line":5,"column":8},"end":{"line":5,"column":60}},"type":"default-arg","locations":[{"start":{"line":5,"column":26},"end":{"line":5,"column":60}}]}},"s":{"0":7,"1":9,"2":7},"f":{"0":9},"b":{"0":[9]}}
,"/home/gabriel/Área de trabalho/Repositorios/Labenu-Music-Awards/src/errors/UnauthorizedError.ts": {"path":"/home/gabriel/Área de trabalho/Repositorios/Labenu-Music-Awards/src/errors/UnauthorizedError.ts","statementMap":{"0":{"start":{"line":1,"column":0},"end":{"line":1,"column":40}},"1":{"start":{"line":7,"column":8},"end":{"line":7,"column":null}},"2":{"start":{"line":3,"column":0},"end":{"line":3,"column":13}}},"fnMap":{"0":{"name":"(anonymous_0)","decl":{"start":{"line":4,"column":4},"end":{"line":4,"column":null}},"loc":{"start":{"line":5,"column":49},"end":{"line":8,"column":5}}}},"branchMap":{"0":{"loc":{"start":{"line":5,"column":8},"end":{"line":5,"column":49}},"type":"default-arg","locations":[{"start":{"line":5,"column":26},"end":{"line":5,"column":49}}]}},"s":{"0":3,"1":1,"2":3},"f":{"0":1},"b":{"0":[1]}}
,"/home/gabriel/Área de trabalho/Repositorios/Labenu-Music-Awards/src/models/Show.ts": {"path":"/home/gabriel/Área de trabalho/Repositorios/Labenu-Music-Awards/src/models/Show.ts","statementMap":{"0":{"start":{"line":19,"column":16},"end":{"line":19,"column":26}},"1":{"start":{"line":20,"column":16},"end":{"line":20,"column":28}},"2":{"start":{"line":21,"column":16},"end":{"line":21,"column":33}},"3":{"start":{"line":22,"column":16},"end":{"line":22,"column":34}},"4":{"start":{"line":25,"column":25},"end":{"line":34,"column":5}},"5":{"start":{"line":26,"column":22},"end":{"line":32,"column":10}},"6":{"start":{"line":27,"column":12},"end":{"line":31,"column":null}},"7":{"start":{"line":33,"column":8},"end":{"line":33,"column":null}},"8":{"start":{"line":36,"column":19},"end":{"line":38,"column":5}},"9":{"start":{"line":37,"column":8},"end":{"line":37,"column":null}},"10":{"start":{"line":40,"column":21},"end":{"line":42,"column":5}},"11":{"start":{"line":41,"column":8},"end":{"line":41,"column":null}},"12":{"start":{"line":44,"column":25},"end":{"line":46,"column":5}},"13":{"start":{"line":45,"column":8},"end":{"line":45,"column":null}},"14":{"start":{"line":48,"column":24},"end":{"line":50,"column":5}},"15":{"start":{"line":49,"column":8},"end":{"line":49,"column":null}},"16":{"start":{"line":52,"column":19},"end":{"line":54,"column":5}},"17":{"start":{"line":53,"column":8},"end":{"line":53,"column":null}},"18":{"start":{"line":56,"column":21},"end":{"line":58,"column":5}},"19":{"start":{"line":57,"column":8},"end":{"line":57,"column":null}},"20":{"start":{"line":60,"column":25},"end":{"line":62,"column":5}},"21":{"start":{"line":61,"column":8},"end":{"line":61,"column":null}},"22":{"start":{"line":64,"column":24},"end":{"line":66,"column":5}},"23":{"start":{"line":65,"column":8},"end":{"line":65,"column":null}},"24":{"start":{"line":17,"column":0},"end":{"line":17,"column":13}}},"fnMap":{"0":{"name":"(anonymous_0)","decl":{"start":{"line":18,"column":4},"end":{"line":18,"column":null}},"loc":{"start":{"line":22,"column":35},"end":{"line":23,"column":8}}},"1":{"name":"(anonymous_1)","decl":{"start":{"line":25,"column":25},"end":{"line":25,"column":26}},"loc":{"start":{"line":25,"column":44},"end":{"line":34,"column":5}}},"2":{"name":"(anonymous_2)","decl":{"start":{"line":26,"column":31},"end":{"line":26,"column":32}},"loc":{"start":{"line":26,"column":39},"end":{"line":32,"column":9}}},"3":{"name":"(anonymous_3)","decl":{"start":{"line":36,"column":19},"end":{"line":36,"column":22}},"loc":{"start":{"line":36,"column":24},"end":{"line":38,"column":5}}},"4":{"name":"(anonymous_4)","decl":{"start":{"line":40,"column":21},"end":{"line":40,"column":24}},"loc":{"start":{"line":40,"column":26},"end":{"line":42,"column":5}}},"5":{"name":"(anonymous_5)","decl":{"start":{"line":44,"column":25},"end":{"line":44,"column":28}},"loc":{"start":{"line":44,"column":30},"end":{"line":46,"column":5}}},"6":{"name":"(anonymous_6)","decl":{"start":{"line":48,"column":24},"end":{"line":48,"column":27}},"loc":{"start":{"line":48,"column":29},"end":{"line":50,"column":5}}},"7":{"name":"(anonymous_7)","decl":{"start":{"line":52,"column":19},"end":{"line":52,"column":20}},"loc":{"start":{"line":52,"column":37},"end":{"line":54,"column":5}}},"8":{"name":"(anonymous_8)","decl":{"start":{"line":56,"column":21},"end":{"line":56,"column":22}},"loc":{"start":{"line":56,"column":41},"end":{"line":58,"column":5}}},"9":{"name":"(anonymous_9)","decl":{"start":{"line":60,"column":25},"end":{"line":60,"column":26}},"loc":{"start":{"line":60,"column":49},"end":{"line":62,"column":5}}},"10":{"name":"(anonymous_10)","decl":{"start":{"line":64,"column":24},"end":{"line":64,"column":25}},"loc":{"start":{"line":64,"column":47},"end":{"line":66,"column":5}}}},"branchMap":{"0":{"loc":{"start":{"line":22,"column":16},"end":{"line":22,"column":35}},"type":"default-arg","locations":[{"start":{"line":22,"column":34},"end":{"line":22,"column":35}}]}},"s":{"0":4,"1":4,"2":4,"3":4,"4":4,"5":1,"6":3,"7":1,"8":4,"9":4,"10":4,"11":1,"12":4,"13":4,"14":4,"15":0,"16":4,"17":0,"18":4,"19":0,"20":4,"21":3,"22":4,"23":3,"24":4},"f":{"0":4,"1":1,"2":3,"3":4,"4":1,"5":4,"6":0,"7":0,"8":0,"9":3,"10":3},"b":{"0":[4]}}
,"/home/gabriel/Área de trabalho/Repositorios/Labenu-Music-Awards/src/models/User.ts": {"path":"/home/gabriel/Área de trabalho/Repositorios/Labenu-Music-Awards/src/models/User.ts","statementMap":{"0":{"start":{"line":1,"column":0},"end":{"line":1,"column":null}},"1":{"start":{"line":2,"column":4},"end":{"line":2,"column":null}},"2":{"start":{"line":3,"column":4},"end":{"line":3,"column":null}},"3":{"start":{"line":16,"column":16},"end":{"line":16,"column":26}},"4":{"start":{"line":17,"column":16},"end":{"line":17,"column":28}},"5":{"start":{"line":18,"column":16},"end":{"line":18,"column":29}},"6":{"start":{"line":19,"column":16},"end":{"line":19,"column":32}},"7":{"start":{"line":20,"column":16},"end":{"line":20,"column":32}},"8":{"start":{"line":23,"column":25},"end":{"line":31,"column":5}},"9":{"start":{"line":24,"column":8},"end":{"line":30,"column":null}},"10":{"start":{"line":33,"column":19},"end":{"line":35,"column":5}},"11":{"start":{"line":34,"column":8},"end":{"line":34,"column":null}},"12":{"start":{"line":37,"column":21},"end":{"line":39,"column":5}},"13":{"start":{"line":38,"column":8},"end":{"line":38,"column":null}},"14":{"start":{"line":41,"column":22},"end":{"line":43,"column":5}},"15":{"start":{"line":42,"column":8},"end":{"line":42,"column":null}},"16":{"start":{"line":45,"column":25},"end":{"line":47,"column":5}},"17":{"start":{"line":46,"column":8},"end":{"line":46,"column":null}},"18":{"start":{"line":49,"column":21},"end":{"line":51,"column":5}},"19":{"start":{"line":50,"column":8},"end":{"line":50,"column":null}},"20":{"start":{"line":53,"column":21},"end":{"line":55,"column":5}},"21":{"start":{"line":54,"column":8},"end":{"line":54,"column":null}},"22":{"start":{"line":57,"column":22},"end":{"line":59,"column":5}},"23":{"start":{"line":58,"column":8},"end":{"line":58,"column":null}},"24":{"start":{"line":61,"column":25},"end":{"line":63,"column":5}},"25":{"start":{"line":62,"column":8},"end":{"line":62,"column":null}},"26":{"start":{"line":14,"column":0},"end":{"line":14,"column":13}}},"fnMap":{"0":{"name":"(anonymous_0)","decl":{"start":{"line":1,"column":0},"end":{"line":1,"column":12}},"loc":{"start":{"line":1,"column":22},"end":{"line":4,"column":1}}},"1":{"name":"(anonymous_1)","decl":{"start":{"line":15,"column":4},"end":{"line":15,"column":null}},"loc":{"start":{"line":20,"column":32},"end":{"line":21,"column":8}}},"2":{"name":"(anonymous_2)","decl":{"start":{"line":23,"column":25},"end":{"line":23,"column":26}},"loc":{"start":{"line":23,"column":39},"end":{"line":31,"column":5}}},"3":{"name":"(anonymous_3)","decl":{"start":{"line":33,"column":19},"end":{"line":33,"column":22}},"loc":{"start":{"line":33,"column":24},"end":{"line":35,"column":5}}},"4":{"name":"(anonymous_4)","decl":{"start":{"line":37,"column":21},"end":{"line":37,"column":24}},"loc":{"start":{"line":37,"column":26},"end":{"line":39,"column":5}}},"5":{"name":"(anonymous_5)","decl":{"start":{"line":41,"column":22},"end":{"line":41,"column":25}},"loc":{"start":{"line":41,"column":27},"end":{"line":43,"column":5}}},"6":{"name":"(anonymous_6)","decl":{"start":{"line":45,"column":25},"end":{"line":45,"column":28}},"loc":{"start":{"line":45,"column":30},"end":{"line":47,"column":5}}},"7":{"name":"(anonymous_7)","decl":{"start":{"line":49,"column":21},"end":{"line":49,"column":24}},"loc":{"start":{"line":49,"column":26},"end":{"line":51,"column":5}}},"8":{"name":"(anonymous_8)","decl":{"start":{"line":53,"column":21},"end":{"line":53,"column":22}},"loc":{"start":{"line":53,"column":41},"end":{"line":55,"column":5}}},"9":{"name":"(anonymous_9)","decl":{"start":{"line":57,"column":22},"end":{"line":57,"column":23}},"loc":{"start":{"line":57,"column":43},"end":{"line":59,"column":5}}},"10":{"name":"(anonymous_10)","decl":{"start":{"line":61,"column":25},"end":{"line":61,"column":26}},"loc":{"start":{"line":61,"column":49},"end":{"line":63,"column":5}}}},"branchMap":{"0":{"loc":{"start":{"line":1,"column":12},"end":{"line":1,"column":null}},"type":"binary-expr","locations":[{"start":{"line":1,"column":12},"end":{"line":1,"column":22}},{"start":{"line":1,"column":12},"end":{"line":1,"column":null}}]}},"s":{"0":7,"1":7,"2":7,"3":3,"4":3,"5":3,"6":3,"7":3,"8":7,"9":2,"10":3,"11":2,"12":3,"13":0,"14":3,"15":0,"16":3,"17":2,"18":3,"19":2,"20":3,"21":0,"22":3,"23":0,"24":3,"25":0,"26":7},"f":{"0":7,"1":3,"2":2,"3":2,"4":0,"5":0,"6":2,"7":2,"8":0,"9":0,"10":0},"b":{"0":[7,7]}}
,"/home/gabriel/Área de trabalho/Repositorios/Labenu-Music-Awards/tests/mocks/data/ShowDatabaseMock.ts": {"path":"/home/gabriel/Área de trabalho/Repositorios/Labenu-Music-Awards/tests/mocks/data/ShowDatabaseMock.ts","statementMap":{"0":{"start":{"line":1,"column":0},"end":{"line":1,"column":65}},"1":{"start":{"line":2,"column":0},"end":{"line":2,"column":39}},"2":{"start":{"line":3,"column":0},"end":{"line":3,"column":67}},"3":{"start":{"line":6,"column":32},"end":{"line":6,"column":44}},"4":{"start":{"line":7,"column":34},"end":{"line":7,"column":48}},"5":{"start":{"line":9,"column":27},"end":{"line":17,"column":5}},"6":{"start":{"line":10,"column":32},"end":{"line":14,"column":null}},"7":{"start":{"line":16,"column":8},"end":{"line":16,"column":null}},"8":{"start":{"line":19,"column":23},"end":{"line":23,"column":5}},"9":{"start":{"line":20,"column":21},"end":{"line":20,"column":68}},"10":{"start":{"line":20,"column":40},"end":{"line":20,"column":67}},"11":{"start":{"line":22,"column":8},"end":{"line":22,"column":null}},"12":{"start":{"line":25,"column":17},"end":{"line":25,"column":55}},"13":{"start":{"line":27,"column":18},"end":{"line":31,"column":5}},"14":{"start":{"line":28,"column":25},"end":{"line":28,"column":48}},"15":{"start":{"line":30,"column":8},"end":{"line":30,"column":null}},"16":{"start":{"line":33,"column":23},"end":{"line":41,"column":5}},"17":{"start":{"line":35,"column":8},"end":{"line":38,"column":null}},"18":{"start":{"line":36,"column":31},"end":{"line":36,"column":82}},"19":{"start":{"line":36,"column":56},"end":{"line":36,"column":81}},"20":{"start":{"line":37,"column":12},"end":{"line":37,"column":null}},"21":{"start":{"line":40,"column":8},"end":{"line":40,"column":null}},"22":{"start":{"line":43,"column":23},"end":{"line":50,"column":5}},"23":{"start":{"line":44,"column":8},"end":{"line":47,"column":null}},"24":{"start":{"line":45,"column":27},"end":{"line":45,"column":76}},"25":{"start":{"line":45,"column":50},"end":{"line":45,"column":75}},"26":{"start":{"line":46,"column":12},"end":{"line":46,"column":null}},"27":{"start":{"line":49,"column":8},"end":{"line":49,"column":null}},"28":{"start":{"line":52,"column":19},"end":{"line":52,"column":65}},"29":{"start":{"line":54,"column":19},"end":{"line":54,"column":59}},"30":{"start":{"line":5,"column":0},"end":{"line":5,"column":13}}},"fnMap":{"0":{"name":"(anonymous_0)","decl":{"start":{"line":9,"column":27},"end":{"line":9,"column":28}},"loc":{"start":{"line":9,"column":51},"end":{"line":17,"column":5}}},"1":{"name":"(anonymous_1)","decl":{"start":{"line":19,"column":23},"end":{"line":19,"column":28}},"loc":{"start":{"line":19,"column":81},"end":{"line":23,"column":5}}},"2":{"name":"(anonymous_2)","decl":{"start":{"line":20,"column":32},"end":{"line":20,"column":36}},"loc":{"start":{"line":20,"column":40},"end":{"line":20,"column":67}}},"3":{"name":"(anonymous_3)","decl":{"start":{"line":25,"column":17},"end":{"line":25,"column":22}},"loc":{"start":{"line":25,"column":51},"end":{"line":25,"column":55}}},"4":{"name":"(anonymous_4)","decl":{"start":{"line":27,"column":18},"end":{"line":27,"column":23}},"loc":{"start":{"line":27,"column":45},"end":{"line":31,"column":5}}},"5":{"name":"(anonymous_5)","decl":{"start":{"line":33,"column":23},"end":{"line":33,"column":28}},"loc":{"start":{"line":33,"column":81},"end":{"line":41,"column":5}}},"6":{"name":"(anonymous_6)","decl":{"start":{"line":36,"column":46},"end":{"line":36,"column":52}},"loc":{"start":{"line":36,"column":56},"end":{"line":36,"column":81}}},"7":{"name":"(anonymous_7)","decl":{"start":{"line":43,"column":23},"end":{"line":43,"column":28}},"loc":{"start":{"line":43,"column":96},"end":{"line":50,"column":5}}},"8":{"name":"(anonymous_8)","decl":{"start":{"line":45,"column":40},"end":{"line":45,"column":46}},"loc":{"start":{"line":45,"column":50},"end":{"line":45,"column":75}}},"9":{"name":"(anonymous_9)","decl":{"start":{"line":52,"column":19},"end":{"line":52,"column":24}},"loc":{"start":{"line":52,"column":61},"end":{"line":52,"column":65}}},"10":{"name":"(anonymous_10)","decl":{"start":{"line":54,"column":19},"end":{"line":54,"column":24}},"loc":{"start":{"line":54,"column":55},"end":{"line":54,"column":59}}}},"branchMap":{"0":{"loc":{"start":{"line":35,"column":8},"end":{"line":38,"column":null}},"type":"if","locations":[{"start":{"line":35,"column":8},"end":{"line":38,"column":null}}]},"1":{"loc":{"start":{"line":44,"column":8},"end":{"line":47,"column":null}},"type":"if","locations":[{"start":{"line":44,"column":8},"end":{"line":47,"column":null}}]}},"s":{"0":4,"1":4,"2":4,"3":4,"4":4,"5":4,"6":1,"7":1,"8":4,"9":2,"10":4,"11":2,"12":4,"13":4,"14":1,"15":1,"16":4,"17":5,"18":4,"19":24,"20":4,"21":1,"22":4,"23":5,"24":3,"25":8,"26":3,"27":2,"28":4,"29":4,"30":4},"f":{"0":1,"1":2,"2":4,"3":1,"4":1,"5":5,"6":24,"7":5,"8":8,"9":1,"10":1},"b":{"0":[4],"1":[3]}}
,"/home/gabriel/Área de trabalho/Repositorios/Labenu-Music-Awards/tests/mocks/data/UserDataBaseMock.ts": {"path":"/home/gabriel/Área de trabalho/Repositorios/Labenu-Music-Awards/tests/mocks/data/UserDataBaseMock.ts","statementMap":{"0":{"start":{"line":1,"column":0},"end":{"line":1,"column":65}},"1":{"start":{"line":3,"column":0},"end":{"line":3,"column":29}},"2":{"start":{"line":6,"column":32},"end":{"line":6,"column":44}},"3":{"start":{"line":8,"column":20},"end":{"line":18,"column":5}},"4":{"start":{"line":9,"column":32},"end":{"line":15,"column":null}},"5":{"start":{"line":17,"column":8},"end":{"line":17,"column":null}},"6":{"start":{"line":20,"column":18},"end":{"line":29,"column":5}},"7":{"start":{"line":22,"column":36},"end":{"line":22,"column":76}},"8":{"start":{"line":22,"column":55},"end":{"line":22,"column":75}},"9":{"start":{"line":24,"column":8},"end":{"line":26,"column":null}},"10":{"start":{"line":25,"column":12},"end":{"line":25,"column":null}},"11":{"start":{"line":28,"column":8},"end":{"line":28,"column":null}},"12":{"start":{"line":31,"column":17},"end":{"line":31,"column":42}},"13":{"start":{"line":5,"column":0},"end":{"line":5,"column":13}}},"fnMap":{"0":{"name":"(anonymous_0)","decl":{"start":{"line":8,"column":20},"end":{"line":8,"column":21}},"loc":{"start":{"line":8,"column":34},"end":{"line":18,"column":5}}},"1":{"name":"(anonymous_1)","decl":{"start":{"line":20,"column":18},"end":{"line":20,"column":23}},"loc":{"start":{"line":20,"column":60},"end":{"line":29,"column":5}}},"2":{"name":"(anonymous_2)","decl":{"start":{"line":22,"column":47},"end":{"line":22,"column":51}},"loc":{"start":{"line":22,"column":55},"end":{"line":22,"column":75}}},"3":{"name":"(anonymous_3)","decl":{"start":{"line":31,"column":17},"end":{"line":31,"column":22}},"loc":{"start":{"line":31,"column":38},"end":{"line":31,"column":42}}}},"branchMap":{"0":{"loc":{"start":{"line":24,"column":8},"end":{"line":26,"column":null}},"type":"if","locations":[{"start":{"line":24,"column":8},"end":{"line":26,"column":null}}]}},"s":{"0":3,"1":3,"2":3,"3":3,"4":3,"5":3,"6":3,"7":5,"8":9,"9":5,"10":3,"11":2,"12":3,"13":3},"f":{"0":3,"1":5,"2":9,"3":1},"b":{"0":[3]}}
,"/home/gabriel/Área de trabalho/Repositorios/Labenu-Music-Awards/tests/mocks/data/data.ts": {"path":"/home/gabriel/Área de trabalho/Repositorios/Labenu-Music-Awards/tests/mocks/data/data.ts","statementMap":{"0":{"start":{"line":2,"column":0},"end":{"line":2,"column":62}},"1":{"start":{"line":4,"column":13},"end":{"line":26,"column":null}},"2":{"start":{"line":28,"column":13},"end":{"line":44,"column":null}},"3":{"start":{"line":46,"column":13},"end":{"line":77,"column":null}}},"fnMap":{},"branchMap":{},"s":{"0":7,"1":7,"2":7,"3":7},"f":{},"b":{}}
,"/home/gabriel/Área de trabalho/Repositorios/Labenu-Music-Awards/tests/mocks/services/AuthenticatorMock.ts": {"path":"/home/gabriel/Área de trabalho/Repositorios/Labenu-Music-Awards/tests/mocks/services/AuthenticatorMock.ts","statementMap":{"0":{"start":{"line":1,"column":0},"end":{"line":1,"column":53}},"1":{"start":{"line":5,"column":27},"end":{"line":12,"column":5}},"2":{"start":{"line":6,"column":8},"end":{"line":11,"column":null}},"3":{"start":{"line":8,"column":16},"end":{"line":8,"column":null}},"4":{"start":{"line":10,"column":16},"end":{"line":10,"column":null}},"5":{"start":{"line":14,"column":29},"end":{"line":35,"column":5}},"6":{"start":{"line":15,"column":8},"end":{"line":34,"column":null}},"7":{"start":{"line":17,"column":52},"end":{"line":20,"column":null}},"8":{"start":{"line":22,"column":16},"end":{"line":22,"column":null}},"9":{"start":{"line":25,"column":53},"end":{"line":28,"column":null}},"10":{"start":{"line":30,"column":16},"end":{"line":30,"column":null}},"11":{"start":{"line":33,"column":16},"end":{"line":33,"column":null}},"12":{"start":{"line":4,"column":0},"end":{"line":4,"column":13}}},"fnMap":{"0":{"name":"(anonymous_0)","decl":{"start":{"line":5,"column":27},"end":{"line":5,"column":28}},"loc":{"start":{"line":5,"column":62},"end":{"line":12,"column":5}}},"1":{"name":"(anonymous_1)","decl":{"start":{"line":14,"column":29},"end":{"line":14,"column":30}},"loc":{"start":{"line":14,"column":69},"end":{"line":35,"column":5}}}},"branchMap":{"0":{"loc":{"start":{"line":6,"column":8},"end":{"line":11,"column":null}},"type":"switch","locations":[{"start":{"line":7,"column":12},"end":{"line":8,"column":null}},{"start":{"line":9,"column":12},"end":{"line":10,"column":null}}]},"1":{"loc":{"start":{"line":15,"column":8},"end":{"line":34,"column":null}},"type":"switch","locations":[{"start":{"line":16,"column":12},"end":{"line":22,"column":null}},{"start":{"line":24,"column":12},"end":{"line":30,"column":null}},{"start":{"line":32,"column":12},"end":{"line":33,"column":null}}]}},"s":{"0":7,"1":7,"2":2,"3":1,"4":1,"5":7,"6":11,"7":2,"8":2,"9":6,"10":6,"11":3,"12":7},"f":{"0":2,"1":11},"b":{"0":[1,1],"1":[2,6,3]}}
,"/home/gabriel/Área de trabalho/Repositorios/Labenu-Music-Awards/tests/mocks/services/HashManagerMock.ts": {"path":"/home/gabriel/Área de trabalho/Repositorios/Labenu-Music-Awards/tests/mocks/services/HashManagerMock.ts","statementMap":{"0":{"start":{"line":2,"column":18},"end":{"line":8,"column":5}},"1":{"start":{"line":3,"column":8},"end":{"line":5,"column":null}},"2":{"start":{"line":4,"column":12},"end":{"line":4,"column":null}},"3":{"start":{"line":7,"column":8},"end":{"line":7,"column":null}},"4":{"start":{"line":10,"column":21},"end":{"line":16,"column":5}},"5":{"start":{"line":11,"column":8},"end":{"line":13,"column":null}},"6":{"start":{"line":12,"column":12},"end":{"line":12,"column":null}},"7":{"start":{"line":15,"column":8},"end":{"line":15,"column":null}},"8":{"start":{"line":1,"column":0},"end":{"line":1,"column":13}}},"fnMap":{"0":{"name":"(anonymous_0)","decl":{"start":{"line":2,"column":18},"end":{"line":2,"column":23}},"loc":{"start":{"line":2,"column":63},"end":{"line":8,"column":5}}},"1":{"name":"(anonymous_1)","decl":{"start":{"line":10,"column":21},"end":{"line":10,"column":26}},"loc":{"start":{"line":10,"column":81},"end":{"line":16,"column":5}}}},"branchMap":{"0":{"loc":{"start":{"line":3,"column":8},"end":{"line":5,"column":null}},"type":"if","locations":[{"start":{"line":3,"column":8},"end":{"line":5,"column":null}}]},"1":{"loc":{"start":{"line":11,"column":8},"end":{"line":13,"column":null}},"type":"if","locations":[{"start":{"line":11,"column":8},"end":{"line":13,"column":null}}]},"2":{"loc":{"start":{"line":11,"column":12},"end":{"line":11,"column":64}},"type":"binary-expr","locations":[{"start":{"line":11,"column":12},"end":{"line":11,"column":36}},{"start":{"line":11,"column":40},"end":{"line":11,"column":64}}]}},"s":{"0":3,"1":1,"2":0,"3":1,"4":3,"5":2,"6":1,"7":1,"8":3},"f":{"0":1,"1":2},"b":{"0":[0],"1":[1],"2":[2,1]}}
,"/home/gabriel/Área de trabalho/Repositorios/Labenu-Music-Awards/tests/mocks/services/IdGeneratorMock.ts": {"path":"/home/gabriel/Área de trabalho/Repositorios/Labenu-Music-Awards/tests/mocks/services/IdGeneratorMock.ts","statementMap":{"0":{"start":{"line":2,"column":22},"end":{"line":4,"column":5}},"1":{"start":{"line":3,"column":8},"end":{"line":3,"column":null}},"2":{"start":{"line":1,"column":0},"end":{"line":1,"column":13}}},"fnMap":{"0":{"name":"(anonymous_0)","decl":{"start":{"line":2,"column":22},"end":{"line":2,"column":33}},"loc":{"start":{"line":2,"column":35},"end":{"line":4,"column":5}}}},"branchMap":{},"s":{"0":7,"1":3,"2":7},"f":{"0":3},"b":{}}
}
