TN:
SF:src/Rules/ShowRules.ts
FN:13,(anonymous_0)
FN:21,(anonymous_1)
FN:81,(anonymous_2)
FN:108,(anonymous_3)
FN:155,(anonymous_4)
FNF:5
FNH:5
FNDA:4,(anonymous_0)
FNDA:8,(anonymous_1)
FNDA:1,(anonymous_2)
FNDA:5,(anonymous_3)
FNDA:4,(anonymous_4)
DA:2,4
DA:3,4
DA:4,4
DA:5,4
DA:7,4
DA:8,4
DA:12,4
DA:14,4
DA:15,4
DA:16,4
DA:21,4
DA:25,8
DA:27,8
DA:28,1
DA:31,7
DA:33,7
DA:34,3
DA:37,4
DA:38,0
DA:41,4
DA:42,0
DA:45,4
DA:47,4
DA:48,1
DA:51,3
DA:52,1
DA:55,2
DA:56,2
DA:58,2
DA:60,2
DA:61,1
DA:64,1
DA:66,1
DA:72,1
DA:74,1
DA:78,1
DA:81,4
DA:83,1
DA:85,1
DA:87,1
DA:88,3
DA:90,3
DA:92,3
DA:94,3
DA:95,3
DA:96,3
DA:98,3
DA:100,3
DA:103,1
DA:108,4
DA:111,5
DA:113,5
DA:114,1
DA:117,4
DA:119,4
DA:120,1
DA:123,3
DA:125,3
DA:127,3
DA:128,1
DA:131,2
DA:133,2
DA:134,1
DA:137,1
DA:139,1
DA:145,1
DA:147,1
DA:151,1
DA:155,4
DA:159,4
DA:161,4
DA:162,1
DA:165,3
DA:167,3
DA:168,1
DA:171,2
DA:173,2
DA:175,2
DA:176,1
DA:179,1
DA:180,0
DA:183,1
DA:185,1
DA:189,1
LF:84
LH:81
BRDA:27,0,0,1
BRDA:27,1,0,8
BRDA:27,1,1,7
BRDA:27,1,2,7
BRDA:33,2,0,3
BRDA:33,3,0,7
BRDA:33,3,1,4
BRDA:33,3,2,4
BRDA:37,4,0,0
BRDA:41,5,0,0
BRDA:41,6,0,4
BRDA:41,6,1,4
BRDA:47,7,0,1
BRDA:51,8,0,1
BRDA:60,9,0,1
BRDA:113,10,0,1
BRDA:113,11,0,5
BRDA:113,11,1,4
BRDA:113,11,2,4
BRDA:119,12,0,1
BRDA:127,13,0,1
BRDA:133,14,0,1
BRDA:161,15,0,1
BRDA:161,16,0,4
BRDA:161,16,1,3
BRDA:167,17,0,1
BRDA:175,18,0,1
BRDA:179,19,0,0
BRDA:179,20,0,1
BRDA:179,20,1,1
BRF:30
BRH:27
end_of_record
TN:
SF:src/Rules/UserRules.ts
FN:12,(anonymous_0)
FN:21,(anonymous_1)
FN:83,(anonymous_2)
FNF:3
FNH:3
FNDA:3,(anonymous_0)
FNDA:7,(anonymous_1)
FNDA:7,(anonymous_2)
DA:2,3
DA:3,3
DA:4,3
DA:5,3
DA:6,3
DA:11,3
DA:13,3
DA:14,3
DA:15,3
DA:16,3
DA:21,3
DA:25,7
DA:27,7
DA:28,1
DA:31,6
DA:32,1
DA:35,5
DA:36,1
DA:39,4
DA:40,1
DA:43,3
DA:44,1
DA:47,2
DA:49,2
DA:50,1
DA:53,1
DA:54,1
DA:56,1
DA:64,1
DA:66,1
DA:71,1
DA:73,1
DA:78,1
DA:83,3
DA:87,7
DA:89,7
DA:90,1
DA:93,6
DA:94,1
DA:97,5
DA:98,1
DA:101,4
DA:102,1
DA:105,3
DA:107,3
DA:108,1
DA:111,2
DA:113,2
DA:115,2
DA:116,1
DA:119,1
DA:124,1
DA:126,1
DA:131,1
LF:54
LH:54
BRDA:27,0,0,1
BRDA:27,1,0,7
BRDA:27,1,1,6
BRDA:27,1,2,6
BRDA:31,2,0,1
BRDA:31,3,0,6
BRDA:31,3,1,6
BRDA:35,4,0,1
BRDA:35,5,0,5
BRDA:35,5,1,5
BRDA:39,6,0,1
BRDA:43,7,0,1
BRDA:43,8,0,3
BRDA:43,8,1,3
BRDA:49,9,0,1
BRDA:89,10,0,1
BRDA:89,11,0,7
BRDA:89,11,1,7
BRDA:93,12,0,1
BRDA:93,13,0,6
BRDA:93,13,1,6
BRDA:97,14,0,1
BRDA:101,15,0,1
BRDA:101,16,0,4
BRDA:101,16,1,4
BRDA:107,17,0,1
BRDA:115,18,0,1
BRF:27
BRH:27
end_of_record
TN:
SF:src/database/BaseDatabase.ts
FNF:0
FNH:0
DA:1,7
DA:2,7
DA:4,7
DA:6,7
DA:7,7
LF:5
LH:5
BRF:0
BRH:0
end_of_record
TN:
SF:src/errors/AuthenticationError.ts
FN:4,(anonymous_0)
FNF:1
FNH:1
FNDA:5,(anonymous_0)
DA:1,7
DA:3,7
DA:7,5
LF:3
LH:3
BRDA:5,0,0,5
BRF:1
BRH:1
end_of_record
TN:
SF:src/errors/AuthorizationError.ts
FN:4,(anonymous_0)
FNF:1
FNH:1
FNDA:1,(anonymous_0)
DA:1,4
DA:3,4
DA:7,1
LF:3
LH:3
BRDA:5,0,0,1
BRF:1
BRH:1
end_of_record
TN:
SF:src/errors/BaseError.ts
FN:2,(anonymous_0)
FNF:1
FNH:1
FNDA:22,(anonymous_0)
DA:1,7
DA:3,22
DA:6,22
LF:3
LH:3
BRF:0
BRH:0
end_of_record
TN:
SF:src/errors/EmailInvalid.ts
FN:4,(anonymous_0)
FNF:1
FNH:1
FNDA:3,(anonymous_0)
DA:1,3
DA:3,3
DA:7,3
LF:3
LH:3
BRDA:5,0,0,3
BRF:1
BRH:1
end_of_record
TN:
SF:src/errors/InvalidDate.ts
FN:4,(anonymous_0)
FNF:1
FNH:1
FNDA:3,(anonymous_0)
DA:1,4
DA:3,4
DA:7,3
LF:3
LH:3
BRDA:5,0,0,3
BRF:1
BRH:1
end_of_record
TN:
SF:src/errors/ParamsError.ts
FN:4,(anonymous_0)
FNF:1
FNH:1
FNDA:9,(anonymous_0)
DA:1,7
DA:3,7
DA:7,9
LF:3
LH:3
BRDA:5,0,0,9
BRF:1
BRH:1
end_of_record
TN:
SF:src/errors/UnauthorizedError.ts
FN:4,(anonymous_0)
FNF:1
FNH:1
FNDA:1,(anonymous_0)
DA:1,3
DA:3,3
DA:7,1
LF:3
LH:3
BRDA:5,0,0,1
BRF:1
BRH:1
end_of_record
TN:
SF:src/models/Show.ts
FN:18,(anonymous_0)
FN:25,(anonymous_1)
FN:26,(anonymous_2)
FN:36,(anonymous_3)
FN:40,(anonymous_4)
FN:44,(anonymous_5)
FN:48,(anonymous_6)
FN:52,(anonymous_7)
FN:56,(anonymous_8)
FN:60,(anonymous_9)
FN:64,(anonymous_10)
FNF:11
FNH:8
FNDA:4,(anonymous_0)
FNDA:1,(anonymous_1)
FNDA:3,(anonymous_2)
FNDA:4,(anonymous_3)
FNDA:1,(anonymous_4)
FNDA:4,(anonymous_5)
FNDA:0,(anonymous_6)
FNDA:0,(anonymous_7)
FNDA:0,(anonymous_8)
FNDA:3,(anonymous_9)
FNDA:3,(anonymous_10)
DA:17,4
DA:19,4
DA:20,4
DA:21,4
DA:22,4
DA:25,4
DA:26,1
DA:27,3
DA:33,1
DA:36,4
DA:37,4
DA:40,4
DA:41,1
DA:44,4
DA:45,4
DA:48,4
DA:49,0
DA:52,4
DA:53,0
DA:56,4
DA:57,0
DA:60,4
DA:61,3
DA:64,4
DA:65,3
LF:25
LH:22
BRDA:22,0,0,4
BRF:1
BRH:1
end_of_record
TN:
SF:src/models/User.ts
FN:1,(anonymous_0)
FN:15,(anonymous_1)
FN:23,(anonymous_2)
FN:33,(anonymous_3)
FN:37,(anonymous_4)
FN:41,(anonymous_5)
FN:45,(anonymous_6)
FN:49,(anonymous_7)
FN:53,(anonymous_8)
FN:57,(anonymous_9)
FN:61,(anonymous_10)
FNF:11
FNH:6
FNDA:7,(anonymous_0)
FNDA:3,(anonymous_1)
FNDA:2,(anonymous_2)
FNDA:2,(anonymous_3)
FNDA:0,(anonymous_4)
FNDA:0,(anonymous_5)
FNDA:2,(anonymous_6)
FNDA:2,(anonymous_7)
FNDA:0,(anonymous_8)
FNDA:0,(anonymous_9)
FNDA:0,(anonymous_10)
DA:1,7
DA:2,7
DA:3,7
DA:14,7
DA:16,3
DA:17,3
DA:18,3
DA:19,3
DA:20,3
DA:23,7
DA:24,2
DA:33,3
DA:34,2
DA:37,3
DA:38,0
DA:41,3
DA:42,0
DA:45,3
DA:46,2
DA:49,3
DA:50,2
DA:53,3
DA:54,0
DA:57,3
DA:58,0
DA:61,3
DA:62,0
LF:27
LH:22
BRDA:1,0,0,7
BRDA:1,0,1,7
BRF:2
BRH:2
end_of_record
TN:
SF:tests/mocks/data/ShowDatabaseMock.ts
FN:9,(anonymous_0)
FN:19,(anonymous_1)
FN:20,(anonymous_2)
FN:25,(anonymous_3)
FN:27,(anonymous_4)
FN:33,(anonymous_5)
FN:36,(anonymous_6)
FN:43,(anonymous_7)
FN:45,(anonymous_8)
FN:52,(anonymous_9)
FN:54,(anonymous_10)
FNF:11
FNH:11
FNDA:1,(anonymous_0)
FNDA:2,(anonymous_1)
FNDA:4,(anonymous_2)
FNDA:1,(anonymous_3)
FNDA:1,(anonymous_4)
FNDA:5,(anonymous_5)
FNDA:24,(anonymous_6)
FNDA:5,(anonymous_7)
FNDA:8,(anonymous_8)
FNDA:1,(anonymous_9)
FNDA:1,(anonymous_10)
DA:1,4
DA:2,4
DA:3,4
DA:5,4
DA:6,4
DA:7,4
DA:9,4
DA:10,1
DA:16,1
DA:19,4
DA:20,4
DA:22,2
DA:25,4
DA:27,4
DA:28,1
DA:30,1
DA:33,4
DA:35,5
DA:36,24
DA:37,4
DA:40,1
DA:43,4
DA:44,5
DA:45,8
DA:46,3
DA:49,2
DA:52,4
DA:54,4
LF:28
LH:28
BRDA:35,0,0,4
BRDA:44,1,0,3
BRF:2
BRH:2
end_of_record
TN:
SF:tests/mocks/data/UserDataBaseMock.ts
FN:8,(anonymous_0)
FN:20,(anonymous_1)
FN:22,(anonymous_2)
FN:31,(anonymous_3)
FNF:4
FNH:4
FNDA:3,(anonymous_0)
FNDA:5,(anonymous_1)
FNDA:9,(anonymous_2)
FNDA:1,(anonymous_3)
DA:1,3
DA:3,3
DA:5,3
DA:6,3
DA:8,3
DA:9,3
DA:17,3
DA:20,3
DA:22,9
DA:24,5
DA:25,3
DA:28,2
DA:31,3
LF:13
LH:13
BRDA:24,0,0,3
BRF:1
BRH:1
end_of_record
TN:
SF:tests/mocks/data/data.ts
FNF:0
FNH:0
DA:2,7
DA:4,7
DA:28,7
DA:46,7
LF:4
LH:4
BRF:0
BRH:0
end_of_record
TN:
SF:tests/mocks/services/AuthenticatorMock.ts
FN:5,(anonymous_0)
FN:14,(anonymous_1)
FNF:2
FNH:2
FNDA:2,(anonymous_0)
FNDA:11,(anonymous_1)
DA:1,7
DA:4,7
DA:5,7
DA:6,2
DA:8,1
DA:10,1
DA:14,7
DA:15,11
DA:17,2
DA:22,2
DA:25,6
DA:30,6
DA:33,3
LF:13
LH:13
BRDA:6,0,0,1
BRDA:6,0,1,1
BRDA:15,1,0,2
BRDA:15,1,1,6
BRDA:15,1,2,3
BRF:5
BRH:5
end_of_record
TN:
SF:tests/mocks/services/HashManagerMock.ts
FN:2,(anonymous_0)
FN:10,(anonymous_1)
FNF:2
FNH:2
FNDA:1,(anonymous_0)
FNDA:2,(anonymous_1)
DA:1,3
DA:2,3
DA:3,1
DA:4,0
DA:7,1
DA:10,3
DA:11,2
DA:12,1
DA:15,1
LF:9
LH:8
BRDA:3,0,0,0
BRDA:11,1,0,1
BRDA:11,2,0,2
BRDA:11,2,1,1
BRF:4
BRH:3
end_of_record
TN:
SF:tests/mocks/services/IdGeneratorMock.ts
FN:2,(anonymous_0)
FNF:1
FNH:1
FNDA:3,(anonymous_0)
DA:1,7
DA:2,7
DA:3,3
LF:3
LH:3
BRF:0
BRH:0
end_of_record
